<?xml version="1.0" encoding="UTF-8"?>
<!-- Generated by org.testng.reporters.JUnitXMLReporter -->
<testsuite ignored="0" hostname="Karish-Home3" failures="6" tests="16" name="Test" time="122.494" errors="0" timestamp="2023-05-23T20:47:05 EDT">
  <testcase classname="com.testcases.WelcomepageTest" name="title" time="0.043"/>
  <testcase classname="com.testcases.WelcomepageTest" name="fromTo_valid" time="1.907"/>
  <testcase classname="com.testcases.WelcomepageTest" name="fromTo_valid" time="1.786"/>
  <testcase classname="com.testcases.WelcomepageTest" name="fromTo_invalid" time="1.696"/>
  <testcase classname="com.testcases.WelcomepageTest" name="fromTo_invalid" time="1.462"/>
  <testcase classname="com.testcases.WelcomepageTest" name="fromTo_null" time="1.768"/>
  <testcase classname="com.testcases.ReservepageTest" name="reserve" time="4.436"/>
  <testcase classname="com.testcases.PurchasepageTest" name="data_valid" time="3.978"/>
  <testcase classname="com.testcases.PurchasepageTest" name="data_valid" time="4.842"/>
  <testcase classname="com.testcases.PurchasepageTest" name="data_valid" time="5.544"/>
  <testcase classname="com.testcases.RegisterpageTest" name="register_valid" time="2.796">
    <failure type="java.lang.AssertionError" message="expected [Registration Success] but found [Page Expired]">
      <![CDATA[java.lang.AssertionError: expected [Registration Success] but found [Page Expired]
at com.sample.pages.Registerpage.assertRegisteration(Registerpage.java:57)
at com.testcases.RegisterpageTest.register_valid(RegisterpageTest.java:36)
at java.base/java.util.ArrayList.forEach(ArrayList.java:1511)
... Removed 31 stack frames]]>
    </failure>
  </testcase> <!-- register_valid -->
  <testcase classname="com.testcases.RegisterpageTest" name="register_valid" time="2.941">
    <failure type="java.lang.AssertionError" message="expected [Registration Success] but found [Page Expired]">
      <![CDATA[java.lang.AssertionError: expected [Registration Success] but found [Page Expired]
at com.sample.pages.Registerpage.assertRegisteration(Registerpage.java:57)
at com.testcases.RegisterpageTest.register_valid(RegisterpageTest.java:36)
at java.base/java.util.ArrayList.forEach(ArrayList.java:1511)
... Removed 31 stack frames]]>
    </failure>
  </testcase> <!-- register_valid -->
  <testcase classname="com.testcases.RegisterpageTest" name="register_valid" time="3.369">
    <failure type="java.lang.AssertionError" message="expected [Registration Success] but found [Page Expired]">
      <![CDATA[java.lang.AssertionError: expected [Registration Success] but found [Page Expired]
at com.sample.pages.Registerpage.assertRegisteration(Registerpage.java:57)
at com.testcases.RegisterpageTest.register_valid(RegisterpageTest.java:36)
at java.base/java.util.ArrayList.forEach(ArrayList.java:1511)
... Removed 31 stack frames]]>
    </failure>
  </testcase> <!-- register_valid -->
  <testcase classname="com.testcases.LoginpageTest" name="login_valid" time="1.326">
    <failure type="java.lang.AssertionError" message="expected [Account] but found [Page Expired]">
      <![CDATA[java.lang.AssertionError: expected [Account] but found [Page Expired]
at com.sample.pages.Loginpage.loginpageAssert(Loginpage.java:43)
at com.testcases.LoginpageTest.login_valid(LoginpageTest.java:41)
at java.base/java.util.ArrayList.forEach(ArrayList.java:1511)
... Removed 31 stack frames]]>
    </failure>
  </testcase> <!-- login_valid -->
  <testcase classname="com.testcases.LoginpageTest" name="login_valid" time="1.078">
    <failure type="java.lang.AssertionError" message="expected [Account] but found [Page Expired]">
      <![CDATA[java.lang.AssertionError: expected [Account] but found [Page Expired]
at com.sample.pages.Loginpage.loginpageAssert(Loginpage.java:43)
at com.testcases.LoginpageTest.login_valid(LoginpageTest.java:41)
at java.base/java.util.ArrayList.forEach(ArrayList.java:1511)
... Removed 31 stack frames]]>
    </failure>
  </testcase> <!-- login_valid -->
  <testcase classname="com.testcases.LoginpageTest" name="login_valid" time="0.386">
    <failure type="java.lang.AssertionError" message="expected [Account] but found [BlazeDemo]">
      <![CDATA[java.lang.AssertionError: expected [Account] but found [BlazeDemo]
at com.sample.pages.Loginpage.loginpageAssert(Loginpage.java:43)
at com.testcases.LoginpageTest.login_valid(LoginpageTest.java:41)
at java.base/java.util.ArrayList.forEach(ArrayList.java:1511)
... Removed 31 stack frames]]>
    </failure>
  </testcase> <!-- login_valid -->
</testsuite> <!-- Test -->
