<html>
<head>
<title>TestNG:  Test</title>
<link href="../testng.css" rel="stylesheet" type="text/css" />
<link href="../my-testng.css" rel="stylesheet" type="text/css" />

<style type="text/css">
.log { display: none;} 
.stack-trace { display: none;} 
</style>
<script type="text/javascript">
<!--
function flip(e) {
  current = e.style.display;
  if (current == 'block') {
    e.style.display = 'none';
    return 0;
  }
  else {
    e.style.display = 'block';
    return 1;
  }
}

function toggleBox(szDivId, elem, msg1, msg2)
{
  var res = -1;  if (document.getElementById) {
    res = flip(document.getElementById(szDivId));
  }
  else if (document.all) {
    // this is the way old msie versions work
    res = flip(document.all[szDivId]);
  }
  if(elem) {
    if(res == 0) elem.innerHTML = msg1; else elem.innerHTML = msg2;
  }

}

function toggleAllBoxes() {
  if (document.getElementsByTagName) {
    d = document.getElementsByTagName('div');
    for (i = 0; i < d.length; i++) {
      if (d[i].className == 'log') {
        flip(d[i]);
      }
    }
  }
}

// -->
</script>

</head>
<body>
<h2 align='center'>Test</h2><table border='1' align="center">
<tr>
<td>Tests passed/Failed/Skipped:</td><td>10/6/0</td>
</tr><tr>
<td>Started on:</td><td>Tue May 23 20:45:02 EDT 2023</td>
</tr>
<tr><td>Total time:</td><td>122 seconds (122494 ms)</td>
</tr><tr>
<td>Included groups:</td><td></td>
</tr><tr>
<td>Excluded groups:</td><td></td>
</tr>
</table><p/>
<small><i>(Hover the method name to see the test class name)</i></small><p/>
<table width='100%' border='1' class='invocation-failed'>
<tr><td colspan='4' align='center'><b>FAILED TESTS</b></td></tr>
<tr><td><b>Test method</b></td>
<td width="30%"><b>Exception</b></td>
<td width="10%"><b>Time (seconds)</b></td>
<td><b>Instance</b></td>
</tr>
<tr>
<td title='com.testcases.RegisterpageTest.register_valid()'><b>register_valid</b><br>Test class: com.testcases.RegisterpageTest<br>Parameters: a, a and co, a@a.com, a, a</td>
<td><div><pre>java.lang.AssertionError: expected [Registration Success] but found [Page Expired]
	at com.sample.pages.Registerpage.assertRegisteration(Registerpage.java:57)
	at com.testcases.RegisterpageTest.register_valid(RegisterpageTest.java:36)
	at java.base/java.util.ArrayList.forEach(ArrayList.java:1511)
... Removed 31 stack frames</pre></div><a href='#' onClick='toggleBox("stack-trace2117657172", this, "Click to show all stack frames", "Click to hide stack frames")'>Click to show all stack frames</a>
<div class='stack-trace' id='stack-trace2117657172'><pre>java.lang.AssertionError: expected [Registration Success] but found [Page Expired]
	at org.testng.Assert.fail(Assert.java:99)
	at org.testng.Assert.failNotEquals(Assert.java:1037)
	at org.testng.Assert.assertEqualsImpl(Assert.java:140)
	at org.testng.Assert.assertEquals(Assert.java:122)
	at org.testng.Assert.assertEquals(Assert.java:629)
	at org.testng.Assert.assertEquals(Assert.java:639)
	at com.sample.pages.Registerpage.assertRegisteration(Registerpage.java:57)
	at com.testcases.RegisterpageTest.register_valid(RegisterpageTest.java:36)
	at java.base/jdk.internal.reflect.DirectMethodHandleAccessor.invoke(DirectMethodHandleAccessor.java:104)
	at java.base/java.lang.reflect.Method.invoke(Method.java:578)
	at org.testng.internal.MethodInvocationHelper.invokeMethod(MethodInvocationHelper.java:133)
	at org.testng.internal.TestInvoker.invokeMethod(TestInvoker.java:598)
	at org.testng.internal.TestInvoker.invokeTestMethod(TestInvoker.java:173)
	at org.testng.internal.MethodRunner.runInSequence(MethodRunner.java:46)
	at org.testng.internal.TestInvoker$MethodInvocationAgent.invoke(TestInvoker.java:824)
	at org.testng.internal.TestInvoker.invokeTestMethods(TestInvoker.java:146)
	at org.testng.internal.TestMethodWorker.invokeTestMethods(TestMethodWorker.java:146)
	at org.testng.internal.TestMethodWorker.run(TestMethodWorker.java:128)
	at java.base/java.util.ArrayList.forEach(ArrayList.java:1511)
	at org.testng.TestRunner.privateRun(TestRunner.java:794)
	at org.testng.TestRunner.run(TestRunner.java:596)
	at org.testng.SuiteRunner.runTest(SuiteRunner.java:377)
	at org.testng.SuiteRunner.runSequentially(SuiteRunner.java:371)
	at org.testng.SuiteRunner.privateRun(SuiteRunner.java:332)
	at org.testng.SuiteRunner.run(SuiteRunner.java:276)
	at org.testng.SuiteRunnerWorker.runSuite(SuiteRunnerWorker.java:53)
	at org.testng.SuiteRunnerWorker.run(SuiteRunnerWorker.java:96)
	at org.testng.TestNG.runSuitesSequentially(TestNG.java:1212)
	at org.testng.TestNG.runSuitesLocally(TestNG.java:1134)
	at org.testng.TestNG.runSuites(TestNG.java:1063)
	at org.testng.TestNG.run(TestNG.java:1031)
	at org.testng.remote.AbstractRemoteTestNG.run(AbstractRemoteTestNG.java:115)
	at org.testng.remote.RemoteTestNG.initAndRun(RemoteTestNG.java:251)
	at org.testng.remote.RemoteTestNG.main(RemoteTestNG.java:77)
</pre></div></td>
<td>2</td>
<td>com.testcases.RegisterpageTest@42a48628</td></tr>
<tr>
<td title='com.testcases.LoginpageTest.login_valid()'><b>login_valid</b><br>Test class: com.testcases.LoginpageTest<br>Parameters: c@c.com  , gff</td>
<td><div><pre>java.lang.AssertionError: expected [Account] but found [Page Expired]
	at com.sample.pages.Loginpage.loginpageAssert(Loginpage.java:43)
	at com.testcases.LoginpageTest.login_valid(LoginpageTest.java:41)
	at java.base/java.util.ArrayList.forEach(ArrayList.java:1511)
... Removed 31 stack frames</pre></div><a href='#' onClick='toggleBox("stack-trace1016138445", this, "Click to show all stack frames", "Click to hide stack frames")'>Click to show all stack frames</a>
<div class='stack-trace' id='stack-trace1016138445'><pre>java.lang.AssertionError: expected [Account] but found [Page Expired]
	at org.testng.Assert.fail(Assert.java:99)
	at org.testng.Assert.failNotEquals(Assert.java:1037)
	at org.testng.Assert.assertEqualsImpl(Assert.java:140)
	at org.testng.Assert.assertEquals(Assert.java:122)
	at org.testng.Assert.assertEquals(Assert.java:629)
	at org.testng.Assert.assertEquals(Assert.java:639)
	at com.sample.pages.Loginpage.loginpageAssert(Loginpage.java:43)
	at com.testcases.LoginpageTest.login_valid(LoginpageTest.java:41)
	at java.base/jdk.internal.reflect.DirectMethodHandleAccessor.invoke(DirectMethodHandleAccessor.java:104)
	at java.base/java.lang.reflect.Method.invoke(Method.java:578)
	at org.testng.internal.MethodInvocationHelper.invokeMethod(MethodInvocationHelper.java:133)
	at org.testng.internal.TestInvoker.invokeMethod(TestInvoker.java:598)
	at org.testng.internal.TestInvoker.invokeTestMethod(TestInvoker.java:173)
	at org.testng.internal.MethodRunner.runInSequence(MethodRunner.java:46)
	at org.testng.internal.TestInvoker$MethodInvocationAgent.invoke(TestInvoker.java:824)
	at org.testng.internal.TestInvoker.invokeTestMethods(TestInvoker.java:146)
	at org.testng.internal.TestMethodWorker.invokeTestMethods(TestMethodWorker.java:146)
	at org.testng.internal.TestMethodWorker.run(TestMethodWorker.java:128)
	at java.base/java.util.ArrayList.forEach(ArrayList.java:1511)
	at org.testng.TestRunner.privateRun(TestRunner.java:794)
	at org.testng.TestRunner.run(TestRunner.java:596)
	at org.testng.SuiteRunner.runTest(SuiteRunner.java:377)
	at org.testng.SuiteRunner.runSequentially(SuiteRunner.java:371)
	at org.testng.SuiteRunner.privateRun(SuiteRunner.java:332)
	at org.testng.SuiteRunner.run(SuiteRunner.java:276)
	at org.testng.SuiteRunnerWorker.runSuite(SuiteRunnerWorker.java:53)
	at org.testng.SuiteRunnerWorker.run(SuiteRunnerWorker.java:96)
	at org.testng.TestNG.runSuitesSequentially(TestNG.java:1212)
	at org.testng.TestNG.runSuitesLocally(TestNG.java:1134)
	at org.testng.TestNG.runSuites(TestNG.java:1063)
	at org.testng.TestNG.run(TestNG.java:1031)
	at org.testng.remote.AbstractRemoteTestNG.run(AbstractRemoteTestNG.java:115)
	at org.testng.remote.RemoteTestNG.initAndRun(RemoteTestNG.java:251)
	at org.testng.remote.RemoteTestNG.main(RemoteTestNG.java:77)
</pre></div></td>
<td>1</td>
<td>com.testcases.LoginpageTest@293a5bf6</td></tr>
<tr>
<td title='com.testcases.RegisterpageTest.register_valid()'><b>register_valid</b><br>Test class: com.testcases.RegisterpageTest<br>Parameters: b, b and co, b@b.com, b, b</td>
<td><div><pre>java.lang.AssertionError: expected [Registration Success] but found [Page Expired]
	at com.sample.pages.Registerpage.assertRegisteration(Registerpage.java:57)
	at com.testcases.RegisterpageTest.register_valid(RegisterpageTest.java:36)
	at java.base/java.util.ArrayList.forEach(ArrayList.java:1511)
... Removed 31 stack frames</pre></div><a href='#' onClick='toggleBox("stack-trace874303441", this, "Click to show all stack frames", "Click to hide stack frames")'>Click to show all stack frames</a>
<div class='stack-trace' id='stack-trace874303441'><pre>java.lang.AssertionError: expected [Registration Success] but found [Page Expired]
	at org.testng.Assert.fail(Assert.java:99)
	at org.testng.Assert.failNotEquals(Assert.java:1037)
	at org.testng.Assert.assertEqualsImpl(Assert.java:140)
	at org.testng.Assert.assertEquals(Assert.java:122)
	at org.testng.Assert.assertEquals(Assert.java:629)
	at org.testng.Assert.assertEquals(Assert.java:639)
	at com.sample.pages.Registerpage.assertRegisteration(Registerpage.java:57)
	at com.testcases.RegisterpageTest.register_valid(RegisterpageTest.java:36)
	at java.base/jdk.internal.reflect.DirectMethodHandleAccessor.invoke(DirectMethodHandleAccessor.java:104)
	at java.base/java.lang.reflect.Method.invoke(Method.java:578)
	at org.testng.internal.MethodInvocationHelper.invokeMethod(MethodInvocationHelper.java:133)
	at org.testng.internal.TestInvoker.invokeMethod(TestInvoker.java:598)
	at org.testng.internal.TestInvoker.invokeTestMethod(TestInvoker.java:173)
	at org.testng.internal.MethodRunner.runInSequence(MethodRunner.java:46)
	at org.testng.internal.TestInvoker$MethodInvocationAgent.invoke(TestInvoker.java:824)
	at org.testng.internal.TestInvoker.invokeTestMethods(TestInvoker.java:146)
	at org.testng.internal.TestMethodWorker.invokeTestMethods(TestMethodWorker.java:146)
	at org.testng.internal.TestMethodWorker.run(TestMethodWorker.java:128)
	at java.base/java.util.ArrayList.forEach(ArrayList.java:1511)
	at org.testng.TestRunner.privateRun(TestRunner.java:794)
	at org.testng.TestRunner.run(TestRunner.java:596)
	at org.testng.SuiteRunner.runTest(SuiteRunner.java:377)
	at org.testng.SuiteRunner.runSequentially(SuiteRunner.java:371)
	at org.testng.SuiteRunner.privateRun(SuiteRunner.java:332)
	at org.testng.SuiteRunner.run(SuiteRunner.java:276)
	at org.testng.SuiteRunnerWorker.runSuite(SuiteRunnerWorker.java:53)
	at org.testng.SuiteRunnerWorker.run(SuiteRunnerWorker.java:96)
	at org.testng.TestNG.runSuitesSequentially(TestNG.java:1212)
	at org.testng.TestNG.runSuitesLocally(TestNG.java:1134)
	at org.testng.TestNG.runSuites(TestNG.java:1063)
	at org.testng.TestNG.run(TestNG.java:1031)
	at org.testng.remote.AbstractRemoteTestNG.run(AbstractRemoteTestNG.java:115)
	at org.testng.remote.RemoteTestNG.initAndRun(RemoteTestNG.java:251)
	at org.testng.remote.RemoteTestNG.main(RemoteTestNG.java:77)
</pre></div></td>
<td>2</td>
<td>com.testcases.RegisterpageTest@42a48628</td></tr>
<tr>
<td title='com.testcases.LoginpageTest.login_valid()'><b>login_valid</b><br>Test class: com.testcases.LoginpageTest<br>Parameters: a@a.com , a</td>
<td><div><pre>java.lang.AssertionError: expected [Account] but found [Page Expired]
	at com.sample.pages.Loginpage.loginpageAssert(Loginpage.java:43)
	at com.testcases.LoginpageTest.login_valid(LoginpageTest.java:41)
	at java.base/java.util.ArrayList.forEach(ArrayList.java:1511)
... Removed 31 stack frames</pre></div><a href='#' onClick='toggleBox("stack-trace447059608", this, "Click to show all stack frames", "Click to hide stack frames")'>Click to show all stack frames</a>
<div class='stack-trace' id='stack-trace447059608'><pre>java.lang.AssertionError: expected [Account] but found [Page Expired]
	at org.testng.Assert.fail(Assert.java:99)
	at org.testng.Assert.failNotEquals(Assert.java:1037)
	at org.testng.Assert.assertEqualsImpl(Assert.java:140)
	at org.testng.Assert.assertEquals(Assert.java:122)
	at org.testng.Assert.assertEquals(Assert.java:629)
	at org.testng.Assert.assertEquals(Assert.java:639)
	at com.sample.pages.Loginpage.loginpageAssert(Loginpage.java:43)
	at com.testcases.LoginpageTest.login_valid(LoginpageTest.java:41)
	at java.base/jdk.internal.reflect.DirectMethodHandleAccessor.invoke(DirectMethodHandleAccessor.java:104)
	at java.base/java.lang.reflect.Method.invoke(Method.java:578)
	at org.testng.internal.MethodInvocationHelper.invokeMethod(MethodInvocationHelper.java:133)
	at org.testng.internal.TestInvoker.invokeMethod(TestInvoker.java:598)
	at org.testng.internal.TestInvoker.invokeTestMethod(TestInvoker.java:173)
	at org.testng.internal.MethodRunner.runInSequence(MethodRunner.java:46)
	at org.testng.internal.TestInvoker$MethodInvocationAgent.invoke(TestInvoker.java:824)
	at org.testng.internal.TestInvoker.invokeTestMethods(TestInvoker.java:146)
	at org.testng.internal.TestMethodWorker.invokeTestMethods(TestMethodWorker.java:146)
	at org.testng.internal.TestMethodWorker.run(TestMethodWorker.java:128)
	at java.base/java.util.ArrayList.forEach(ArrayList.java:1511)
	at org.testng.TestRunner.privateRun(TestRunner.java:794)
	at org.testng.TestRunner.run(TestRunner.java:596)
	at org.testng.SuiteRunner.runTest(SuiteRunner.java:377)
	at org.testng.SuiteRunner.runSequentially(SuiteRunner.java:371)
	at org.testng.SuiteRunner.privateRun(SuiteRunner.java:332)
	at org.testng.SuiteRunner.run(SuiteRunner.java:276)
	at org.testng.SuiteRunnerWorker.runSuite(SuiteRunnerWorker.java:53)
	at org.testng.SuiteRunnerWorker.run(SuiteRunnerWorker.java:96)
	at org.testng.TestNG.runSuitesSequentially(TestNG.java:1212)
	at org.testng.TestNG.runSuitesLocally(TestNG.java:1134)
	at org.testng.TestNG.runSuites(TestNG.java:1063)
	at org.testng.TestNG.run(TestNG.java:1031)
	at org.testng.remote.AbstractRemoteTestNG.run(AbstractRemoteTestNG.java:115)
	at org.testng.remote.RemoteTestNG.initAndRun(RemoteTestNG.java:251)
	at org.testng.remote.RemoteTestNG.main(RemoteTestNG.java:77)
</pre></div></td>
<td>1</td>
<td>com.testcases.LoginpageTest@293a5bf6</td></tr>
<tr>
<td title='com.testcases.LoginpageTest.login_valid()'><b>login_valid</b><br>Test class: com.testcases.LoginpageTest<br>Parameters: null, null</td>
<td><div><pre>java.lang.AssertionError: expected [Account] but found [BlazeDemo]
	at com.sample.pages.Loginpage.loginpageAssert(Loginpage.java:43)
	at com.testcases.LoginpageTest.login_valid(LoginpageTest.java:41)
	at java.base/java.util.ArrayList.forEach(ArrayList.java:1511)
... Removed 31 stack frames</pre></div><a href='#' onClick='toggleBox("stack-trace1413295859", this, "Click to show all stack frames", "Click to hide stack frames")'>Click to show all stack frames</a>
<div class='stack-trace' id='stack-trace1413295859'><pre>java.lang.AssertionError: expected [Account] but found [BlazeDemo]
	at org.testng.Assert.fail(Assert.java:99)
	at org.testng.Assert.failNotEquals(Assert.java:1037)
	at org.testng.Assert.assertEqualsImpl(Assert.java:140)
	at org.testng.Assert.assertEquals(Assert.java:122)
	at org.testng.Assert.assertEquals(Assert.java:629)
	at org.testng.Assert.assertEquals(Assert.java:639)
	at com.sample.pages.Loginpage.loginpageAssert(Loginpage.java:43)
	at com.testcases.LoginpageTest.login_valid(LoginpageTest.java:41)
	at java.base/jdk.internal.reflect.DirectMethodHandleAccessor.invoke(DirectMethodHandleAccessor.java:104)
	at java.base/java.lang.reflect.Method.invoke(Method.java:578)
	at org.testng.internal.MethodInvocationHelper.invokeMethod(MethodInvocationHelper.java:133)
	at org.testng.internal.TestInvoker.invokeMethod(TestInvoker.java:598)
	at org.testng.internal.TestInvoker.invokeTestMethod(TestInvoker.java:173)
	at org.testng.internal.MethodRunner.runInSequence(MethodRunner.java:46)
	at org.testng.internal.TestInvoker$MethodInvocationAgent.invoke(TestInvoker.java:824)
	at org.testng.internal.TestInvoker.invokeTestMethods(TestInvoker.java:146)
	at org.testng.internal.TestMethodWorker.invokeTestMethods(TestMethodWorker.java:146)
	at org.testng.internal.TestMethodWorker.run(TestMethodWorker.java:128)
	at java.base/java.util.ArrayList.forEach(ArrayList.java:1511)
	at org.testng.TestRunner.privateRun(TestRunner.java:794)
	at org.testng.TestRunner.run(TestRunner.java:596)
	at org.testng.SuiteRunner.runTest(SuiteRunner.java:377)
	at org.testng.SuiteRunner.runSequentially(SuiteRunner.java:371)
	at org.testng.SuiteRunner.privateRun(SuiteRunner.java:332)
	at org.testng.SuiteRunner.run(SuiteRunner.java:276)
	at org.testng.SuiteRunnerWorker.runSuite(SuiteRunnerWorker.java:53)
	at org.testng.SuiteRunnerWorker.run(SuiteRunnerWorker.java:96)
	at org.testng.TestNG.runSuitesSequentially(TestNG.java:1212)
	at org.testng.TestNG.runSuitesLocally(TestNG.java:1134)
	at org.testng.TestNG.runSuites(TestNG.java:1063)
	at org.testng.TestNG.run(TestNG.java:1031)
	at org.testng.remote.AbstractRemoteTestNG.run(AbstractRemoteTestNG.java:115)
	at org.testng.remote.RemoteTestNG.initAndRun(RemoteTestNG.java:251)
	at org.testng.remote.RemoteTestNG.main(RemoteTestNG.java:77)
</pre></div></td>
<td>0</td>
<td>com.testcases.LoginpageTest@293a5bf6</td></tr>
<tr>
<td title='com.testcases.RegisterpageTest.register_valid()'><b>register_valid</b><br>Test class: com.testcases.RegisterpageTest<br>Parameters: c, c and co, c@c.com, c, c</td>
<td><div><pre>java.lang.AssertionError: expected [Registration Success] but found [Page Expired]
	at com.sample.pages.Registerpage.assertRegisteration(Registerpage.java:57)
	at com.testcases.RegisterpageTest.register_valid(RegisterpageTest.java:36)
	at java.base/java.util.ArrayList.forEach(ArrayList.java:1511)
... Removed 31 stack frames</pre></div><a href='#' onClick='toggleBox("stack-trace71599579", this, "Click to show all stack frames", "Click to hide stack frames")'>Click to show all stack frames</a>
<div class='stack-trace' id='stack-trace71599579'><pre>java.lang.AssertionError: expected [Registration Success] but found [Page Expired]
	at org.testng.Assert.fail(Assert.java:99)
	at org.testng.Assert.failNotEquals(Assert.java:1037)
	at org.testng.Assert.assertEqualsImpl(Assert.java:140)
	at org.testng.Assert.assertEquals(Assert.java:122)
	at org.testng.Assert.assertEquals(Assert.java:629)
	at org.testng.Assert.assertEquals(Assert.java:639)
	at com.sample.pages.Registerpage.assertRegisteration(Registerpage.java:57)
	at com.testcases.RegisterpageTest.register_valid(RegisterpageTest.java:36)
	at java.base/jdk.internal.reflect.DirectMethodHandleAccessor.invoke(DirectMethodHandleAccessor.java:104)
	at java.base/java.lang.reflect.Method.invoke(Method.java:578)
	at org.testng.internal.MethodInvocationHelper.invokeMethod(MethodInvocationHelper.java:133)
	at org.testng.internal.TestInvoker.invokeMethod(TestInvoker.java:598)
	at org.testng.internal.TestInvoker.invokeTestMethod(TestInvoker.java:173)
	at org.testng.internal.MethodRunner.runInSequence(MethodRunner.java:46)
	at org.testng.internal.TestInvoker$MethodInvocationAgent.invoke(TestInvoker.java:824)
	at org.testng.internal.TestInvoker.invokeTestMethods(TestInvoker.java:146)
	at org.testng.internal.TestMethodWorker.invokeTestMethods(TestMethodWorker.java:146)
	at org.testng.internal.TestMethodWorker.run(TestMethodWorker.java:128)
	at java.base/java.util.ArrayList.forEach(ArrayList.java:1511)
	at org.testng.TestRunner.privateRun(TestRunner.java:794)
	at org.testng.TestRunner.run(TestRunner.java:596)
	at org.testng.SuiteRunner.runTest(SuiteRunner.java:377)
	at org.testng.SuiteRunner.runSequentially(SuiteRunner.java:371)
	at org.testng.SuiteRunner.privateRun(SuiteRunner.java:332)
	at org.testng.SuiteRunner.run(SuiteRunner.java:276)
	at org.testng.SuiteRunnerWorker.runSuite(SuiteRunnerWorker.java:53)
	at org.testng.SuiteRunnerWorker.run(SuiteRunnerWorker.java:96)
	at org.testng.TestNG.runSuitesSequentially(TestNG.java:1212)
	at org.testng.TestNG.runSuitesLocally(TestNG.java:1134)
	at org.testng.TestNG.runSuites(TestNG.java:1063)
	at org.testng.TestNG.run(TestNG.java:1031)
	at org.testng.remote.AbstractRemoteTestNG.run(AbstractRemoteTestNG.java:115)
	at org.testng.remote.RemoteTestNG.initAndRun(RemoteTestNG.java:251)
	at org.testng.remote.RemoteTestNG.main(RemoteTestNG.java:77)
</pre></div></td>
<td>3</td>
<td>com.testcases.RegisterpageTest@42a48628</td></tr>
</table><p>
<table width='100%' border='1' class='invocation-passed'>
<tr><td colspan='4' align='center'><b>PASSED TESTS</b></td></tr>
<tr><td><b>Test method</b></td>
<td width="30%"><b>Exception</b></td>
<td width="10%"><b>Time (seconds)</b></td>
<td><b>Instance</b></td>
</tr>
<tr>
<td title='com.testcases.WelcomepageTest.title()'><b>title</b><br>Test class: com.testcases.WelcomepageTest</td>
<td></td>
<td>0</td>
<td>com.testcases.WelcomepageTest@16293aa2</td></tr>
<tr>
<td title='com.testcases.ReservepageTest.reserve()'><b>reserve</b><br>Test class: com.testcases.ReservepageTest<br>Parameters: Portland, Berlin</td>
<td></td>
<td>4</td>
<td>com.testcases.ReservepageTest@7d8995e</td></tr>
<tr>
<td title='com.testcases.WelcomepageTest.fromTo_valid()'><b>fromTo_valid</b><br>Test class: com.testcases.WelcomepageTest<br>Parameters: Portland, Berlin</td>
<td></td>
<td>1</td>
<td>com.testcases.WelcomepageTest@16293aa2</td></tr>
<tr>
<td title='com.testcases.WelcomepageTest.fromTo_valid()'><b>fromTo_valid</b><br>Test class: com.testcases.WelcomepageTest<br>Parameters: San Diego, London</td>
<td></td>
<td>1</td>
<td>com.testcases.WelcomepageTest@16293aa2</td></tr>
<tr>
<td title='com.testcases.PurchasepageTest.data_valid()'><b>data_valid</b><br>Test class: com.testcases.PurchasepageTest<br>Parameters: C, 3143,sample st, sample3, IL, 22222, dinersclub, 6, 2028, CANNA</td>
<td></td>
<td>5</td>
<td>com.testcases.PurchasepageTest@130d63be</td></tr>
<tr>
<td title='com.testcases.WelcomepageTest.fromTo_invalid()'><b>fromTo_invalid</b><br>Test class: com.testcases.WelcomepageTest<br>Parameters: fasf, sfasfa</td>
<td></td>
<td>1</td>
<td>com.testcases.WelcomepageTest@16293aa2</td></tr>
<tr>
<td title='com.testcases.PurchasepageTest.data_valid()'><b>data_valid</b><br>Test class: com.testcases.PurchasepageTest<br>Parameters: A, 1234,sample st, sample1, AS, 66666, amex, 12, 2026, ANNA</td>
<td></td>
<td>3</td>
<td>com.testcases.PurchasepageTest@130d63be</td></tr>
<tr>
<td title='com.testcases.PurchasepageTest.data_valid()'><b>data_valid</b><br>Test class: com.testcases.PurchasepageTest<br>Parameters: B, 3131,sample st, sample2, GA, 77777, visa, 2, 2027, BANNA</td>
<td></td>
<td>4</td>
<td>com.testcases.PurchasepageTest@130d63be</td></tr>
<tr>
<td title='com.testcases.WelcomepageTest.fromTo_invalid()'><b>fromTo_invalid</b><br>Test class: com.testcases.WelcomepageTest<br>Parameters: pkkgk, lfafa</td>
<td></td>
<td>1</td>
<td>com.testcases.WelcomepageTest@16293aa2</td></tr>
<tr>
<td title='com.testcases.WelcomepageTest.fromTo_null()'><b>fromTo_null</b><br>Test class: com.testcases.WelcomepageTest</td>
<td></td>
<td>1</td>
<td>com.testcases.WelcomepageTest@16293aa2</td></tr>
</table><p>
</body>
</html>