<?xml version="1.0" encoding="UTF-8"?>
<testng-results ignored="0" total="16" passed="10" failed="6" skipped="0">
  <reporter-output>
  </reporter-output>
  <suite started-at="2023-05-23T20:45:02 EDT" name="Suite" finished-at="2023-05-23T20:47:04 EDT" duration-ms="122494">
    <groups>
    </groups>
    <test started-at="2023-05-23T20:45:02 EDT" name="Test" finished-at="2023-05-23T20:47:04 EDT" duration-ms="122494">
      <class name="com.testcases.PurchasepageTest">
        <test-method is-config="true" signature="setup()[pri:0, instance:com.testcases.PurchasepageTest@130d63be]" started-at="2023-05-23T20:45:49 EDT" name="setup" finished-at="2023-05-23T20:45:53 EDT" duration-ms="3552" status="PASS">
          <reporter-output>
          </reporter-output>
        </test-method> <!-- setup -->
        <test-method signature="data_valid(java.lang.String,java.lang.String,java.lang.String,java.lang.String,java.lang.String,java.lang.String,java.lang.String,java.lang.String,java.lang.String)[pri:1, instance:com.testcases.PurchasepageTest@130d63be]" started-at="2023-05-23T20:45:53 EDT" name="data_valid" data-provider="testdata_valid" finished-at="2023-05-23T20:45:57 EDT" duration-ms="3978" status="PASS">
          <params>
            <param index="0">
              <value>
                <![CDATA[A]]>
              </value>
            </param>
            <param index="1">
              <value>
                <![CDATA[1234,sample st]]>
              </value>
            </param>
            <param index="2">
              <value>
                <![CDATA[sample1]]>
              </value>
            </param>
            <param index="3">
              <value>
                <![CDATA[AS]]>
              </value>
            </param>
            <param index="4">
              <value>
                <![CDATA[66666]]>
              </value>
            </param>
            <param index="5">
              <value>
                <![CDATA[amex]]>
              </value>
            </param>
            <param index="6">
              <value>
                <![CDATA[12]]>
              </value>
            </param>
            <param index="7">
              <value>
                <![CDATA[2026]]>
              </value>
            </param>
            <param index="8">
              <value>
                <![CDATA[ANNA]]>
              </value>
            </param>
          </params>
          <reporter-output>
          </reporter-output>
        </test-method> <!-- data_valid -->
        <test-method is-config="true" signature="setup()[pri:0, instance:com.testcases.PurchasepageTest@130d63be]" started-at="2023-05-23T20:45:57 EDT" name="setup" finished-at="2023-05-23T20:46:01 EDT" duration-ms="4195" status="PASS">
          <reporter-output>
          </reporter-output>
        </test-method> <!-- setup -->
        <test-method signature="data_valid(java.lang.String,java.lang.String,java.lang.String,java.lang.String,java.lang.String,java.lang.String,java.lang.String,java.lang.String,java.lang.String)[pri:1, instance:com.testcases.PurchasepageTest@130d63be]" started-at="2023-05-23T20:46:01 EDT" name="data_valid" data-provider="testdata_valid" finished-at="2023-05-23T20:46:06 EDT" duration-ms="4842" status="PASS">
          <params>
            <param index="0">
              <value>
                <![CDATA[B]]>
              </value>
            </param>
            <param index="1">
              <value>
                <![CDATA[3131,sample st]]>
              </value>
            </param>
            <param index="2">
              <value>
                <![CDATA[sample2]]>
              </value>
            </param>
            <param index="3">
              <value>
                <![CDATA[GA]]>
              </value>
            </param>
            <param index="4">
              <value>
                <![CDATA[77777]]>
              </value>
            </param>
            <param index="5">
              <value>
                <![CDATA[visa]]>
              </value>
            </param>
            <param index="6">
              <value>
                <![CDATA[2]]>
              </value>
            </param>
            <param index="7">
              <value>
                <![CDATA[2027]]>
              </value>
            </param>
            <param index="8">
              <value>
                <![CDATA[BANNA]]>
              </value>
            </param>
          </params>
          <reporter-output>
          </reporter-output>
        </test-method> <!-- data_valid -->
        <test-method is-config="true" signature="setup()[pri:0, instance:com.testcases.PurchasepageTest@130d63be]" started-at="2023-05-23T20:46:06 EDT" name="setup" finished-at="2023-05-23T20:46:12 EDT" duration-ms="5540" status="PASS">
          <reporter-output>
          </reporter-output>
        </test-method> <!-- setup -->
        <test-method signature="data_valid(java.lang.String,java.lang.String,java.lang.String,java.lang.String,java.lang.String,java.lang.String,java.lang.String,java.lang.String,java.lang.String)[pri:1, instance:com.testcases.PurchasepageTest@130d63be]" started-at="2023-05-23T20:46:12 EDT" name="data_valid" data-provider="testdata_valid" finished-at="2023-05-23T20:46:18 EDT" duration-ms="5544" status="PASS">
          <params>
            <param index="0">
              <value>
                <![CDATA[C]]>
              </value>
            </param>
            <param index="1">
              <value>
                <![CDATA[3143,sample st]]>
              </value>
            </param>
            <param index="2">
              <value>
                <![CDATA[sample3]]>
              </value>
            </param>
            <param index="3">
              <value>
                <![CDATA[IL]]>
              </value>
            </param>
            <param index="4">
              <value>
                <![CDATA[22222]]>
              </value>
            </param>
            <param index="5">
              <value>
                <![CDATA[dinersclub]]>
              </value>
            </param>
            <param index="6">
              <value>
                <![CDATA[6]]>
              </value>
            </param>
            <param index="7">
              <value>
                <![CDATA[2028]]>
              </value>
            </param>
            <param index="8">
              <value>
                <![CDATA[CANNA]]>
              </value>
            </param>
          </params>
          <reporter-output>
          </reporter-output>
        </test-method> <!-- data_valid -->
      </class> <!-- com.testcases.PurchasepageTest -->
      <class name="com.testcases.ReservepageTest">
        <test-method is-config="true" signature="setup()[pri:0, instance:com.testcases.ReservepageTest@7d8995e]" started-at="2023-05-23T20:45:41 EDT" name="setup" finished-at="2023-05-23T20:45:44 EDT" duration-ms="3267" status="PASS">
          <reporter-output>
          </reporter-output>
        </test-method> <!-- setup -->
        <test-method signature="reserve(java.lang.String,java.lang.String)[pri:0, instance:com.testcases.ReservepageTest@7d8995e]" started-at="2023-05-23T20:45:44 EDT" name="reserve" data-provider="testdata_valid" finished-at="2023-05-23T20:45:49 EDT" duration-ms="4436" status="PASS">
          <params>
            <param index="0">
              <value>
                <![CDATA[Portland]]>
              </value>
            </param>
            <param index="1">
              <value>
                <![CDATA[Berlin]]>
              </value>
            </param>
          </params>
          <reporter-output>
          </reporter-output>
        </test-method> <!-- reserve -->
      </class> <!-- com.testcases.ReservepageTest -->
      <class name="com.testcases.LoginpageTest">
        <test-method is-config="true" signature="setup()[pri:0, instance:com.testcases.LoginpageTest@293a5bf6]" started-at="2023-05-23T20:46:46 EDT" name="setup" finished-at="2023-05-23T20:46:50 EDT" duration-ms="4217" status="PASS">
          <reporter-output>
          </reporter-output>
        </test-method> <!-- setup -->
        <test-method signature="login_valid(java.lang.String,java.lang.String)[pri:1, instance:com.testcases.LoginpageTest@293a5bf6]" started-at="2023-05-23T20:46:50 EDT" name="login_valid" data-provider="testdata_valid" finished-at="2023-05-23T20:46:52 EDT" duration-ms="1326" status="FAIL">
          <params>
            <param index="0">
              <value>
                <![CDATA[a@a.com ]]>
              </value>
            </param>
            <param index="1">
              <value>
                <![CDATA[a]]>
              </value>
            </param>
          </params>
          <exception class="java.lang.AssertionError">
            <message>
              <![CDATA[expected [Account] but found [Page Expired]]]>
            </message>
            <full-stacktrace>
              <![CDATA[java.lang.AssertionError: expected [Account] but found [Page Expired]
at org.testng.Assert.fail(Assert.java:99)
at org.testng.Assert.failNotEquals(Assert.java:1037)
at org.testng.Assert.assertEqualsImpl(Assert.java:140)
at org.testng.Assert.assertEquals(Assert.java:122)
at org.testng.Assert.assertEquals(Assert.java:629)
at org.testng.Assert.assertEquals(Assert.java:639)
at com.sample.pages.Loginpage.loginpageAssert(Loginpage.java:43)
at com.testcases.LoginpageTest.login_valid(LoginpageTest.java:41)
at java.base/jdk.internal.reflect.DirectMethodHandleAccessor.invoke(DirectMethodHandleAccessor.java:104)
at java.base/java.lang.reflect.Method.invoke(Method.java:578)
at org.testng.internal.MethodInvocationHelper.invokeMethod(MethodInvocationHelper.java:133)
at org.testng.internal.TestInvoker.invokeMethod(TestInvoker.java:598)
at org.testng.internal.TestInvoker.invokeTestMethod(TestInvoker.java:173)
at org.testng.internal.MethodRunner.runInSequence(MethodRunner.java:46)
at org.testng.internal.TestInvoker$MethodInvocationAgent.invoke(TestInvoker.java:824)
at org.testng.internal.TestInvoker.invokeTestMethods(TestInvoker.java:146)
at org.testng.internal.TestMethodWorker.invokeTestMethods(TestMethodWorker.java:146)
at org.testng.internal.TestMethodWorker.run(TestMethodWorker.java:128)
at java.base/java.util.ArrayList.forEach(ArrayList.java:1511)
at org.testng.TestRunner.privateRun(TestRunner.java:794)
at org.testng.TestRunner.run(TestRunner.java:596)
at org.testng.SuiteRunner.runTest(SuiteRunner.java:377)
at org.testng.SuiteRunner.runSequentially(SuiteRunner.java:371)
at org.testng.SuiteRunner.privateRun(SuiteRunner.java:332)
at org.testng.SuiteRunner.run(SuiteRunner.java:276)
at org.testng.SuiteRunnerWorker.runSuite(SuiteRunnerWorker.java:53)
at org.testng.SuiteRunnerWorker.run(SuiteRunnerWorker.java:96)
at org.testng.TestNG.runSuitesSequentially(TestNG.java:1212)
at org.testng.TestNG.runSuitesLocally(TestNG.java:1134)
at org.testng.TestNG.runSuites(TestNG.java:1063)
at org.testng.TestNG.run(TestNG.java:1031)
at org.testng.remote.AbstractRemoteTestNG.run(AbstractRemoteTestNG.java:115)
at org.testng.remote.RemoteTestNG.initAndRun(RemoteTestNG.java:251)
at org.testng.remote.RemoteTestNG.main(RemoteTestNG.java:77)
]]>
            </full-stacktrace>
          </exception> <!-- java.lang.AssertionError -->
          <reporter-output>
          </reporter-output>
        </test-method> <!-- login_valid -->
        <test-method is-config="true" signature="teardown()[pri:0, instance:com.testcases.LoginpageTest@293a5bf6]" started-at="2023-05-23T20:46:52 EDT" name="teardown" finished-at="2023-05-23T20:46:52 EDT" duration-ms="387" status="PASS">
          <reporter-output>
          </reporter-output>
        </test-method> <!-- teardown -->
        <test-method is-config="true" signature="setup()[pri:0, instance:com.testcases.LoginpageTest@293a5bf6]" started-at="2023-05-23T20:46:52 EDT" name="setup" finished-at="2023-05-23T20:46:56 EDT" duration-ms="3673" status="PASS">
          <reporter-output>
          </reporter-output>
        </test-method> <!-- setup -->
        <test-method signature="login_valid(java.lang.String,java.lang.String)[pri:1, instance:com.testcases.LoginpageTest@293a5bf6]" started-at="2023-05-23T20:46:56 EDT" name="login_valid" data-provider="testdata_valid" finished-at="2023-05-23T20:46:57 EDT" duration-ms="1078" status="FAIL">
          <params>
            <param index="0">
              <value>
                <![CDATA[c@c.com  ]]>
              </value>
            </param>
            <param index="1">
              <value>
                <![CDATA[gff]]>
              </value>
            </param>
          </params>
          <exception class="java.lang.AssertionError">
            <message>
              <![CDATA[expected [Account] but found [Page Expired]]]>
            </message>
            <full-stacktrace>
              <![CDATA[java.lang.AssertionError: expected [Account] but found [Page Expired]
at org.testng.Assert.fail(Assert.java:99)
at org.testng.Assert.failNotEquals(Assert.java:1037)
at org.testng.Assert.assertEqualsImpl(Assert.java:140)
at org.testng.Assert.assertEquals(Assert.java:122)
at org.testng.Assert.assertEquals(Assert.java:629)
at org.testng.Assert.assertEquals(Assert.java:639)
at com.sample.pages.Loginpage.loginpageAssert(Loginpage.java:43)
at com.testcases.LoginpageTest.login_valid(LoginpageTest.java:41)
at java.base/jdk.internal.reflect.DirectMethodHandleAccessor.invoke(DirectMethodHandleAccessor.java:104)
at java.base/java.lang.reflect.Method.invoke(Method.java:578)
at org.testng.internal.MethodInvocationHelper.invokeMethod(MethodInvocationHelper.java:133)
at org.testng.internal.TestInvoker.invokeMethod(TestInvoker.java:598)
at org.testng.internal.TestInvoker.invokeTestMethod(TestInvoker.java:173)
at org.testng.internal.MethodRunner.runInSequence(MethodRunner.java:46)
at org.testng.internal.TestInvoker$MethodInvocationAgent.invoke(TestInvoker.java:824)
at org.testng.internal.TestInvoker.invokeTestMethods(TestInvoker.java:146)
at org.testng.internal.TestMethodWorker.invokeTestMethods(TestMethodWorker.java:146)
at org.testng.internal.TestMethodWorker.run(TestMethodWorker.java:128)
at java.base/java.util.ArrayList.forEach(ArrayList.java:1511)
at org.testng.TestRunner.privateRun(TestRunner.java:794)
at org.testng.TestRunner.run(TestRunner.java:596)
at org.testng.SuiteRunner.runTest(SuiteRunner.java:377)
at org.testng.SuiteRunner.runSequentially(SuiteRunner.java:371)
at org.testng.SuiteRunner.privateRun(SuiteRunner.java:332)
at org.testng.SuiteRunner.run(SuiteRunner.java:276)
at org.testng.SuiteRunnerWorker.runSuite(SuiteRunnerWorker.java:53)
at org.testng.SuiteRunnerWorker.run(SuiteRunnerWorker.java:96)
at org.testng.TestNG.runSuitesSequentially(TestNG.java:1212)
at org.testng.TestNG.runSuitesLocally(TestNG.java:1134)
at org.testng.TestNG.runSuites(TestNG.java:1063)
at org.testng.TestNG.run(TestNG.java:1031)
at org.testng.remote.AbstractRemoteTestNG.run(AbstractRemoteTestNG.java:115)
at org.testng.remote.RemoteTestNG.initAndRun(RemoteTestNG.java:251)
at org.testng.remote.RemoteTestNG.main(RemoteTestNG.java:77)
]]>
            </full-stacktrace>
          </exception> <!-- java.lang.AssertionError -->
          <reporter-output>
          </reporter-output>
        </test-method> <!-- login_valid -->
        <test-method is-config="true" signature="teardown()[pri:0, instance:com.testcases.LoginpageTest@293a5bf6]" started-at="2023-05-23T20:46:58 EDT" name="teardown" finished-at="2023-05-23T20:46:58 EDT" duration-ms="472" status="PASS">
          <reporter-output>
          </reporter-output>
        </test-method> <!-- teardown -->
        <test-method is-config="true" signature="setup()[pri:0, instance:com.testcases.LoginpageTest@293a5bf6]" started-at="2023-05-23T20:46:58 EDT" name="setup" finished-at="2023-05-23T20:47:02 EDT" duration-ms="4168" status="PASS">
          <reporter-output>
          </reporter-output>
        </test-method> <!-- setup -->
        <test-method signature="login_valid(java.lang.String,java.lang.String)[pri:1, instance:com.testcases.LoginpageTest@293a5bf6]" started-at="2023-05-23T20:47:02 EDT" name="login_valid" data-provider="testdata_valid" finished-at="2023-05-23T20:47:03 EDT" duration-ms="386" status="FAIL">
          <params>
            <param index="0">
              <value is-null="true"/>
            </param>
            <param index="1">
              <value is-null="true"/>
            </param>
          </params>
          <exception class="java.lang.AssertionError">
            <message>
              <![CDATA[expected [Account] but found [BlazeDemo]]]>
            </message>
            <full-stacktrace>
              <![CDATA[java.lang.AssertionError: expected [Account] but found [BlazeDemo]
at org.testng.Assert.fail(Assert.java:99)
at org.testng.Assert.failNotEquals(Assert.java:1037)
at org.testng.Assert.assertEqualsImpl(Assert.java:140)
at org.testng.Assert.assertEquals(Assert.java:122)
at org.testng.Assert.assertEquals(Assert.java:629)
at org.testng.Assert.assertEquals(Assert.java:639)
at com.sample.pages.Loginpage.loginpageAssert(Loginpage.java:43)
at com.testcases.LoginpageTest.login_valid(LoginpageTest.java:41)
at java.base/jdk.internal.reflect.DirectMethodHandleAccessor.invoke(DirectMethodHandleAccessor.java:104)
at java.base/java.lang.reflect.Method.invoke(Method.java:578)
at org.testng.internal.MethodInvocationHelper.invokeMethod(MethodInvocationHelper.java:133)
at org.testng.internal.TestInvoker.invokeMethod(TestInvoker.java:598)
at org.testng.internal.TestInvoker.invokeTestMethod(TestInvoker.java:173)
at org.testng.internal.MethodRunner.runInSequence(MethodRunner.java:46)
at org.testng.internal.TestInvoker$MethodInvocationAgent.invoke(TestInvoker.java:824)
at org.testng.internal.TestInvoker.invokeTestMethods(TestInvoker.java:146)
at org.testng.internal.TestMethodWorker.invokeTestMethods(TestMethodWorker.java:146)
at org.testng.internal.TestMethodWorker.run(TestMethodWorker.java:128)
at java.base/java.util.ArrayList.forEach(ArrayList.java:1511)
at org.testng.TestRunner.privateRun(TestRunner.java:794)
at org.testng.TestRunner.run(TestRunner.java:596)
at org.testng.SuiteRunner.runTest(SuiteRunner.java:377)
at org.testng.SuiteRunner.runSequentially(SuiteRunner.java:371)
at org.testng.SuiteRunner.privateRun(SuiteRunner.java:332)
at org.testng.SuiteRunner.run(SuiteRunner.java:276)
at org.testng.SuiteRunnerWorker.runSuite(SuiteRunnerWorker.java:53)
at org.testng.SuiteRunnerWorker.run(SuiteRunnerWorker.java:96)
at org.testng.TestNG.runSuitesSequentially(TestNG.java:1212)
at org.testng.TestNG.runSuitesLocally(TestNG.java:1134)
at org.testng.TestNG.runSuites(TestNG.java:1063)
at org.testng.TestNG.run(TestNG.java:1031)
at org.testng.remote.AbstractRemoteTestNG.run(AbstractRemoteTestNG.java:115)
at org.testng.remote.RemoteTestNG.initAndRun(RemoteTestNG.java:251)
at org.testng.remote.RemoteTestNG.main(RemoteTestNG.java:77)
]]>
            </full-stacktrace>
          </exception> <!-- java.lang.AssertionError -->
          <reporter-output>
          </reporter-output>
        </test-method> <!-- login_valid -->
        <test-method is-config="true" signature="teardown()[pri:0, instance:com.testcases.LoginpageTest@293a5bf6]" started-at="2023-05-23T20:47:04 EDT" name="teardown" finished-at="2023-05-23T20:47:04 EDT" duration-ms="346" status="PASS">
          <reporter-output>
          </reporter-output>
        </test-method> <!-- teardown -->
      </class> <!-- com.testcases.LoginpageTest -->
      <class name="com.testcases.RegisterpageTest">
        <test-method is-config="true" signature="setup()[pri:0, instance:com.testcases.RegisterpageTest@42a48628]" started-at="2023-05-23T20:46:18 EDT" name="setup" finished-at="2023-05-23T20:46:23 EDT" duration-ms="4747" status="PASS">
          <reporter-output>
          </reporter-output>
        </test-method> <!-- setup -->
        <test-method signature="register_valid(java.lang.String,java.lang.String,java.lang.String,java.lang.String,java.lang.String)[pri:1, instance:com.testcases.RegisterpageTest@42a48628]" started-at="2023-05-23T20:46:23 EDT" name="register_valid" data-provider="testdata_valid" finished-at="2023-05-23T20:46:26 EDT" duration-ms="2796" status="FAIL">
          <params>
            <param index="0">
              <value>
                <![CDATA[a]]>
              </value>
            </param>
            <param index="1">
              <value>
                <![CDATA[a and co]]>
              </value>
            </param>
            <param index="2">
              <value>
                <![CDATA[a@a.com]]>
              </value>
            </param>
            <param index="3">
              <value>
                <![CDATA[a]]>
              </value>
            </param>
            <param index="4">
              <value>
                <![CDATA[a]]>
              </value>
            </param>
          </params>
          <exception class="java.lang.AssertionError">
            <message>
              <![CDATA[expected [Registration Success] but found [Page Expired]]]>
            </message>
            <full-stacktrace>
              <![CDATA[java.lang.AssertionError: expected [Registration Success] but found [Page Expired]
at org.testng.Assert.fail(Assert.java:99)
at org.testng.Assert.failNotEquals(Assert.java:1037)
at org.testng.Assert.assertEqualsImpl(Assert.java:140)
at org.testng.Assert.assertEquals(Assert.java:122)
at org.testng.Assert.assertEquals(Assert.java:629)
at org.testng.Assert.assertEquals(Assert.java:639)
at com.sample.pages.Registerpage.assertRegisteration(Registerpage.java:57)
at com.testcases.RegisterpageTest.register_valid(RegisterpageTest.java:36)
at java.base/jdk.internal.reflect.DirectMethodHandleAccessor.invoke(DirectMethodHandleAccessor.java:104)
at java.base/java.lang.reflect.Method.invoke(Method.java:578)
at org.testng.internal.MethodInvocationHelper.invokeMethod(MethodInvocationHelper.java:133)
at org.testng.internal.TestInvoker.invokeMethod(TestInvoker.java:598)
at org.testng.internal.TestInvoker.invokeTestMethod(TestInvoker.java:173)
at org.testng.internal.MethodRunner.runInSequence(MethodRunner.java:46)
at org.testng.internal.TestInvoker$MethodInvocationAgent.invoke(TestInvoker.java:824)
at org.testng.internal.TestInvoker.invokeTestMethods(TestInvoker.java:146)
at org.testng.internal.TestMethodWorker.invokeTestMethods(TestMethodWorker.java:146)
at org.testng.internal.TestMethodWorker.run(TestMethodWorker.java:128)
at java.base/java.util.ArrayList.forEach(ArrayList.java:1511)
at org.testng.TestRunner.privateRun(TestRunner.java:794)
at org.testng.TestRunner.run(TestRunner.java:596)
at org.testng.SuiteRunner.runTest(SuiteRunner.java:377)
at org.testng.SuiteRunner.runSequentially(SuiteRunner.java:371)
at org.testng.SuiteRunner.privateRun(SuiteRunner.java:332)
at org.testng.SuiteRunner.run(SuiteRunner.java:276)
at org.testng.SuiteRunnerWorker.runSuite(SuiteRunnerWorker.java:53)
at org.testng.SuiteRunnerWorker.run(SuiteRunnerWorker.java:96)
at org.testng.TestNG.runSuitesSequentially(TestNG.java:1212)
at org.testng.TestNG.runSuitesLocally(TestNG.java:1134)
at org.testng.TestNG.runSuites(TestNG.java:1063)
at org.testng.TestNG.run(TestNG.java:1031)
at org.testng.remote.AbstractRemoteTestNG.run(AbstractRemoteTestNG.java:115)
at org.testng.remote.RemoteTestNG.initAndRun(RemoteTestNG.java:251)
at org.testng.remote.RemoteTestNG.main(RemoteTestNG.java:77)
]]>
            </full-stacktrace>
          </exception> <!-- java.lang.AssertionError -->
          <reporter-output>
          </reporter-output>
        </test-method> <!-- register_valid -->
        <test-method is-config="true" signature="teardown()[pri:0, instance:com.testcases.RegisterpageTest@42a48628]" started-at="2023-05-23T20:46:26 EDT" name="teardown" finished-at="2023-05-23T20:46:26 EDT" duration-ms="469" status="PASS">
          <reporter-output>
          </reporter-output>
        </test-method> <!-- teardown -->
        <test-method is-config="true" signature="setup()[pri:0, instance:com.testcases.RegisterpageTest@42a48628]" started-at="2023-05-23T20:46:26 EDT" name="setup" finished-at="2023-05-23T20:46:33 EDT" duration-ms="6115" status="PASS">
          <reporter-output>
          </reporter-output>
        </test-method> <!-- setup -->
        <test-method signature="register_valid(java.lang.String,java.lang.String,java.lang.String,java.lang.String,java.lang.String)[pri:1, instance:com.testcases.RegisterpageTest@42a48628]" started-at="2023-05-23T20:46:33 EDT" name="register_valid" data-provider="testdata_valid" finished-at="2023-05-23T20:46:36 EDT" duration-ms="2941" status="FAIL">
          <params>
            <param index="0">
              <value>
                <![CDATA[b]]>
              </value>
            </param>
            <param index="1">
              <value>
                <![CDATA[b and co]]>
              </value>
            </param>
            <param index="2">
              <value>
                <![CDATA[b@b.com]]>
              </value>
            </param>
            <param index="3">
              <value>
                <![CDATA[b]]>
              </value>
            </param>
            <param index="4">
              <value>
                <![CDATA[b]]>
              </value>
            </param>
          </params>
          <exception class="java.lang.AssertionError">
            <message>
              <![CDATA[expected [Registration Success] but found [Page Expired]]]>
            </message>
            <full-stacktrace>
              <![CDATA[java.lang.AssertionError: expected [Registration Success] but found [Page Expired]
at org.testng.Assert.fail(Assert.java:99)
at org.testng.Assert.failNotEquals(Assert.java:1037)
at org.testng.Assert.assertEqualsImpl(Assert.java:140)
at org.testng.Assert.assertEquals(Assert.java:122)
at org.testng.Assert.assertEquals(Assert.java:629)
at org.testng.Assert.assertEquals(Assert.java:639)
at com.sample.pages.Registerpage.assertRegisteration(Registerpage.java:57)
at com.testcases.RegisterpageTest.register_valid(RegisterpageTest.java:36)
at java.base/jdk.internal.reflect.DirectMethodHandleAccessor.invoke(DirectMethodHandleAccessor.java:104)
at java.base/java.lang.reflect.Method.invoke(Method.java:578)
at org.testng.internal.MethodInvocationHelper.invokeMethod(MethodInvocationHelper.java:133)
at org.testng.internal.TestInvoker.invokeMethod(TestInvoker.java:598)
at org.testng.internal.TestInvoker.invokeTestMethod(TestInvoker.java:173)
at org.testng.internal.MethodRunner.runInSequence(MethodRunner.java:46)
at org.testng.internal.TestInvoker$MethodInvocationAgent.invoke(TestInvoker.java:824)
at org.testng.internal.TestInvoker.invokeTestMethods(TestInvoker.java:146)
at org.testng.internal.TestMethodWorker.invokeTestMethods(TestMethodWorker.java:146)
at org.testng.internal.TestMethodWorker.run(TestMethodWorker.java:128)
at java.base/java.util.ArrayList.forEach(ArrayList.java:1511)
at org.testng.TestRunner.privateRun(TestRunner.java:794)
at org.testng.TestRunner.run(TestRunner.java:596)
at org.testng.SuiteRunner.runTest(SuiteRunner.java:377)
at org.testng.SuiteRunner.runSequentially(SuiteRunner.java:371)
at org.testng.SuiteRunner.privateRun(SuiteRunner.java:332)
at org.testng.SuiteRunner.run(SuiteRunner.java:276)
at org.testng.SuiteRunnerWorker.runSuite(SuiteRunnerWorker.java:53)
at org.testng.SuiteRunnerWorker.run(SuiteRunnerWorker.java:96)
at org.testng.TestNG.runSuitesSequentially(TestNG.java:1212)
at org.testng.TestNG.runSuitesLocally(TestNG.java:1134)
at org.testng.TestNG.runSuites(TestNG.java:1063)
at org.testng.TestNG.run(TestNG.java:1031)
at org.testng.remote.AbstractRemoteTestNG.run(AbstractRemoteTestNG.java:115)
at org.testng.remote.RemoteTestNG.initAndRun(RemoteTestNG.java:251)
at org.testng.remote.RemoteTestNG.main(RemoteTestNG.java:77)
]]>
            </full-stacktrace>
          </exception> <!-- java.lang.AssertionError -->
          <reporter-output>
          </reporter-output>
        </test-method> <!-- register_valid -->
        <test-method is-config="true" signature="teardown()[pri:0, instance:com.testcases.RegisterpageTest@42a48628]" started-at="2023-05-23T20:46:36 EDT" name="teardown" finished-at="2023-05-23T20:46:36 EDT" duration-ms="187" status="PASS">
          <reporter-output>
          </reporter-output>
        </test-method> <!-- teardown -->
        <test-method is-config="true" signature="setup()[pri:0, instance:com.testcases.RegisterpageTest@42a48628]" started-at="2023-05-23T20:46:36 EDT" name="setup" finished-at="2023-05-23T20:46:42 EDT" duration-ms="5775" status="PASS">
          <reporter-output>
          </reporter-output>
        </test-method> <!-- setup -->
        <test-method signature="register_valid(java.lang.String,java.lang.String,java.lang.String,java.lang.String,java.lang.String)[pri:1, instance:com.testcases.RegisterpageTest@42a48628]" started-at="2023-05-23T20:46:42 EDT" name="register_valid" data-provider="testdata_valid" finished-at="2023-05-23T20:46:45 EDT" duration-ms="3369" status="FAIL">
          <params>
            <param index="0">
              <value>
                <![CDATA[c]]>
              </value>
            </param>
            <param index="1">
              <value>
                <![CDATA[c and co]]>
              </value>
            </param>
            <param index="2">
              <value>
                <![CDATA[c@c.com]]>
              </value>
            </param>
            <param index="3">
              <value>
                <![CDATA[c]]>
              </value>
            </param>
            <param index="4">
              <value>
                <![CDATA[c]]>
              </value>
            </param>
          </params>
          <exception class="java.lang.AssertionError">
            <message>
              <![CDATA[expected [Registration Success] but found [Page Expired]]]>
            </message>
            <full-stacktrace>
              <![CDATA[java.lang.AssertionError: expected [Registration Success] but found [Page Expired]
at org.testng.Assert.fail(Assert.java:99)
at org.testng.Assert.failNotEquals(Assert.java:1037)
at org.testng.Assert.assertEqualsImpl(Assert.java:140)
at org.testng.Assert.assertEquals(Assert.java:122)
at org.testng.Assert.assertEquals(Assert.java:629)
at org.testng.Assert.assertEquals(Assert.java:639)
at com.sample.pages.Registerpage.assertRegisteration(Registerpage.java:57)
at com.testcases.RegisterpageTest.register_valid(RegisterpageTest.java:36)
at java.base/jdk.internal.reflect.DirectMethodHandleAccessor.invoke(DirectMethodHandleAccessor.java:104)
at java.base/java.lang.reflect.Method.invoke(Method.java:578)
at org.testng.internal.MethodInvocationHelper.invokeMethod(MethodInvocationHelper.java:133)
at org.testng.internal.TestInvoker.invokeMethod(TestInvoker.java:598)
at org.testng.internal.TestInvoker.invokeTestMethod(TestInvoker.java:173)
at org.testng.internal.MethodRunner.runInSequence(MethodRunner.java:46)
at org.testng.internal.TestInvoker$MethodInvocationAgent.invoke(TestInvoker.java:824)
at org.testng.internal.TestInvoker.invokeTestMethods(TestInvoker.java:146)
at org.testng.internal.TestMethodWorker.invokeTestMethods(TestMethodWorker.java:146)
at org.testng.internal.TestMethodWorker.run(TestMethodWorker.java:128)
at java.base/java.util.ArrayList.forEach(ArrayList.java:1511)
at org.testng.TestRunner.privateRun(TestRunner.java:794)
at org.testng.TestRunner.run(TestRunner.java:596)
at org.testng.SuiteRunner.runTest(SuiteRunner.java:377)
at org.testng.SuiteRunner.runSequentially(SuiteRunner.java:371)
at org.testng.SuiteRunner.privateRun(SuiteRunner.java:332)
at org.testng.SuiteRunner.run(SuiteRunner.java:276)
at org.testng.SuiteRunnerWorker.runSuite(SuiteRunnerWorker.java:53)
at org.testng.SuiteRunnerWorker.run(SuiteRunnerWorker.java:96)
at org.testng.TestNG.runSuitesSequentially(TestNG.java:1212)
at org.testng.TestNG.runSuitesLocally(TestNG.java:1134)
at org.testng.TestNG.runSuites(TestNG.java:1063)
at org.testng.TestNG.run(TestNG.java:1031)
at org.testng.remote.AbstractRemoteTestNG.run(AbstractRemoteTestNG.java:115)
at org.testng.remote.RemoteTestNG.initAndRun(RemoteTestNG.java:251)
at org.testng.remote.RemoteTestNG.main(RemoteTestNG.java:77)
]]>
            </full-stacktrace>
          </exception> <!-- java.lang.AssertionError -->
          <reporter-output>
          </reporter-output>
        </test-method> <!-- register_valid -->
        <test-method is-config="true" signature="teardown()[pri:0, instance:com.testcases.RegisterpageTest@42a48628]" started-at="2023-05-23T20:46:46 EDT" name="teardown" finished-at="2023-05-23T20:46:46 EDT" duration-ms="483" status="PASS">
          <reporter-output>
          </reporter-output>
        </test-method> <!-- teardown -->
      </class> <!-- com.testcases.RegisterpageTest -->
      <class name="com.testcases.WelcomepageTest">
        <test-method is-config="true" signature="setup()[pri:0, instance:com.testcases.WelcomepageTest@16293aa2]" started-at="2023-05-23T20:45:02 EDT" name="setup" finished-at="2023-05-23T20:45:08 EDT" duration-ms="6300" status="PASS">
          <reporter-output>
          </reporter-output>
        </test-method> <!-- setup -->
        <test-method signature="title()[pri:1, instance:com.testcases.WelcomepageTest@16293aa2]" started-at="2023-05-23T20:45:08 EDT" name="title" finished-at="2023-05-23T20:45:09 EDT" duration-ms="43" status="PASS">
          <reporter-output>
          </reporter-output>
        </test-method> <!-- title -->
        <test-method is-config="true" signature="teardown()[pri:0, instance:com.testcases.WelcomepageTest@16293aa2]" started-at="2023-05-23T20:45:09 EDT" name="teardown" finished-at="2023-05-23T20:45:10 EDT" duration-ms="458" status="PASS">
          <reporter-output>
          </reporter-output>
        </test-method> <!-- teardown -->
        <test-method is-config="true" signature="setup()[pri:0, instance:com.testcases.WelcomepageTest@16293aa2]" started-at="2023-05-23T20:45:11 EDT" name="setup" finished-at="2023-05-23T20:45:15 EDT" duration-ms="3325" status="PASS">
          <reporter-output>
          </reporter-output>
        </test-method> <!-- setup -->
        <test-method signature="fromTo_valid(java.lang.String,java.lang.String)[pri:2, instance:com.testcases.WelcomepageTest@16293aa2]" started-at="2023-05-23T20:45:15 EDT" name="fromTo_valid" data-provider="testdata_valid" finished-at="2023-05-23T20:45:16 EDT" duration-ms="1907" status="PASS">
          <params>
            <param index="0">
              <value>
                <![CDATA[Portland]]>
              </value>
            </param>
            <param index="1">
              <value>
                <![CDATA[Berlin]]>
              </value>
            </param>
          </params>
          <reporter-output>
          </reporter-output>
        </test-method> <!-- fromTo_valid -->
        <test-method is-config="true" signature="teardown()[pri:0, instance:com.testcases.WelcomepageTest@16293aa2]" started-at="2023-05-23T20:45:17 EDT" name="teardown" finished-at="2023-05-23T20:45:17 EDT" duration-ms="290" status="PASS">
          <reporter-output>
          </reporter-output>
        </test-method> <!-- teardown -->
        <test-method is-config="true" signature="setup()[pri:0, instance:com.testcases.WelcomepageTest@16293aa2]" started-at="2023-05-23T20:45:17 EDT" name="setup" finished-at="2023-05-23T20:45:21 EDT" duration-ms="3552" status="PASS">
          <reporter-output>
          </reporter-output>
        </test-method> <!-- setup -->
        <test-method signature="fromTo_valid(java.lang.String,java.lang.String)[pri:2, instance:com.testcases.WelcomepageTest@16293aa2]" started-at="2023-05-23T20:45:21 EDT" name="fromTo_valid" data-provider="testdata_valid" finished-at="2023-05-23T20:45:22 EDT" duration-ms="1786" status="PASS">
          <params>
            <param index="0">
              <value>
                <![CDATA[San Diego]]>
              </value>
            </param>
            <param index="1">
              <value>
                <![CDATA[London]]>
              </value>
            </param>
          </params>
          <reporter-output>
          </reporter-output>
        </test-method> <!-- fromTo_valid -->
        <test-method is-config="true" signature="teardown()[pri:0, instance:com.testcases.WelcomepageTest@16293aa2]" started-at="2023-05-23T20:45:23 EDT" name="teardown" finished-at="2023-05-23T20:45:23 EDT" duration-ms="349" status="PASS">
          <reporter-output>
          </reporter-output>
        </test-method> <!-- teardown -->
        <test-method is-config="true" signature="setup()[pri:0, instance:com.testcases.WelcomepageTest@16293aa2]" started-at="2023-05-23T20:45:23 EDT" name="setup" finished-at="2023-05-23T20:45:27 EDT" duration-ms="3282" status="PASS">
          <reporter-output>
          </reporter-output>
        </test-method> <!-- setup -->
        <test-method signature="fromTo_invalid(java.lang.String,java.lang.String)[pri:3, instance:com.testcases.WelcomepageTest@16293aa2]" started-at="2023-05-23T20:45:27 EDT" name="fromTo_invalid" data-provider="testdata_invalid" finished-at="2023-05-23T20:45:28 EDT" duration-ms="1696" status="PASS">
          <params>
            <param index="0">
              <value>
                <![CDATA[fasf]]>
              </value>
            </param>
            <param index="1">
              <value>
                <![CDATA[sfasfa]]>
              </value>
            </param>
          </params>
          <reporter-output>
          </reporter-output>
        </test-method> <!-- fromTo_invalid -->
        <test-method is-config="true" signature="teardown()[pri:0, instance:com.testcases.WelcomepageTest@16293aa2]" started-at="2023-05-23T20:45:29 EDT" name="teardown" finished-at="2023-05-23T20:45:29 EDT" duration-ms="431" status="PASS">
          <reporter-output>
          </reporter-output>
        </test-method> <!-- teardown -->
        <test-method is-config="true" signature="setup()[pri:0, instance:com.testcases.WelcomepageTest@16293aa2]" started-at="2023-05-23T20:45:29 EDT" name="setup" finished-at="2023-05-23T20:45:33 EDT" duration-ms="3746" status="PASS">
          <reporter-output>
          </reporter-output>
        </test-method> <!-- setup -->
        <test-method signature="fromTo_invalid(java.lang.String,java.lang.String)[pri:3, instance:com.testcases.WelcomepageTest@16293aa2]" started-at="2023-05-23T20:45:33 EDT" name="fromTo_invalid" data-provider="testdata_invalid" finished-at="2023-05-23T20:45:34 EDT" duration-ms="1462" status="PASS">
          <params>
            <param index="0">
              <value>
                <![CDATA[pkkgk]]>
              </value>
            </param>
            <param index="1">
              <value>
                <![CDATA[lfafa]]>
              </value>
            </param>
          </params>
          <reporter-output>
          </reporter-output>
        </test-method> <!-- fromTo_invalid -->
        <test-method is-config="true" signature="teardown()[pri:0, instance:com.testcases.WelcomepageTest@16293aa2]" started-at="2023-05-23T20:45:35 EDT" name="teardown" finished-at="2023-05-23T20:45:35 EDT" duration-ms="458" status="PASS">
          <reporter-output>
          </reporter-output>
        </test-method> <!-- teardown -->
        <test-method is-config="true" signature="setup()[pri:0, instance:com.testcases.WelcomepageTest@16293aa2]" started-at="2023-05-23T20:45:35 EDT" name="setup" finished-at="2023-05-23T20:45:38 EDT" duration-ms="3173" status="PASS">
          <reporter-output>
          </reporter-output>
        </test-method> <!-- setup -->
        <test-method signature="fromTo_null()[pri:4, instance:com.testcases.WelcomepageTest@16293aa2]" started-at="2023-05-23T20:45:38 EDT" name="fromTo_null" finished-at="2023-05-23T20:45:40 EDT" duration-ms="1768" status="PASS">
          <reporter-output>
          </reporter-output>
        </test-method> <!-- fromTo_null -->
        <test-method is-config="true" signature="teardown()[pri:0, instance:com.testcases.WelcomepageTest@16293aa2]" started-at="2023-05-23T20:45:41 EDT" name="teardown" finished-at="2023-05-23T20:45:41 EDT" duration-ms="384" status="PASS">
          <reporter-output>
          </reporter-output>
        </test-method> <!-- teardown -->
      </class> <!-- com.testcases.WelcomepageTest -->
    </test> <!-- Test -->
  </suite> <!-- Suite -->
</testng-results>
